<?xml version="1.0" encoding="UTF-8"?>
<testsuite xmlns:xsi="http://www.w3.org/2001/XMLSchema-instance" xsi:noNamespaceSchemaLocation="https://maven.apache.org/surefire/maven-surefire-plugin/xsd/surefire-test-report.xsd" version="3.0.2" name="ru.vsu.cs.cg24.g82.dementiev_a.obj_writer.ObjWriterTests" time="0.192" tests="18" errors="0" skipped="0" failures="0">
  <properties>
    <property name="java.specification.version" value="17"/>
    <property name="sun.cpu.isalist" value="amd64"/>
    <property name="sun.jnu.encoding" value="Cp1251"/>
    <property name="java.class.path" value="C:\Users\andrey\main\Java projects\ObjWriter\target\test-classes;C:\Users\andrey\main\Java projects\ObjWriter\target\classes;C:\Users\andrey\.m2\repository\org\junit\jupiter\junit-jupiter\5.10.2\junit-jupiter-5.10.2.jar;C:\Users\andrey\.m2\repository\org\junit\jupiter\junit-jupiter-api\5.10.2\junit-jupiter-api-5.10.2.jar;C:\Users\andrey\.m2\repository\org\opentest4j\opentest4j\1.3.0\opentest4j-1.3.0.jar;C:\Users\andrey\.m2\repository\org\junit\platform\junit-platform-commons\1.10.2\junit-platform-commons-1.10.2.jar;C:\Users\andrey\.m2\repository\org\apiguardian\apiguardian-api\1.1.2\apiguardian-api-1.1.2.jar;C:\Users\andrey\.m2\repository\org\junit\jupiter\junit-jupiter-params\5.10.2\junit-jupiter-params-5.10.2.jar;C:\Users\andrey\.m2\repository\org\junit\jupiter\junit-jupiter-engine\5.10.2\junit-jupiter-engine-5.10.2.jar;C:\Users\andrey\.m2\repository\org\junit\platform\junit-platform-engine\1.10.2\junit-platform-engine-1.10.2.jar;C:\Users\andrey\.m2\repository\junit\junit\4.13.1\junit-4.13.1.jar;C:\Users\andrey\.m2\repository\org\hamcrest\hamcrest-core\1.3\hamcrest-core-1.3.jar;"/>
    <property name="java.vm.vendor" value="Amazon.com Inc."/>
    <property name="sun.arch.data.model" value="64"/>
    <property name="user.variant" value=""/>
    <property name="java.vendor.url" value="https://aws.amazon.com/corretto/"/>
    <property name="user.timezone" value="Europe/Moscow"/>
    <property name="os.name" value="Windows 10"/>
    <property name="java.vm.specification.version" value="17"/>
    <property name="sun.java.launcher" value="SUN_STANDARD"/>
    <property name="user.country" value="RU"/>
    <property name="sun.boot.library.path" value="C:\Users\andrey\.jdks\corretto-17.0.5\bin"/>
    <property name="sun.java.command" value="C:\Users\andrey\AppData\Local\Temp\surefire5986747290494854878\surefirebooter-20241025014357021_3.jar C:\Users\andrey\AppData\Local\Temp\surefire5986747290494854878 2024-10-25T01-43-55_641-jvmRun1 surefire-20241025014357021_1tmp surefire_0-20241025014357021_2tmp"/>
    <property name="jdk.debug" value="release"/>
    <property name="surefire.test.class.path" value="C:\Users\andrey\main\Java projects\ObjWriter\target\test-classes;C:\Users\andrey\main\Java projects\ObjWriter\target\classes;C:\Users\andrey\.m2\repository\org\junit\jupiter\junit-jupiter\5.10.2\junit-jupiter-5.10.2.jar;C:\Users\andrey\.m2\repository\org\junit\jupiter\junit-jupiter-api\5.10.2\junit-jupiter-api-5.10.2.jar;C:\Users\andrey\.m2\repository\org\opentest4j\opentest4j\1.3.0\opentest4j-1.3.0.jar;C:\Users\andrey\.m2\repository\org\junit\platform\junit-platform-commons\1.10.2\junit-platform-commons-1.10.2.jar;C:\Users\andrey\.m2\repository\org\apiguardian\apiguardian-api\1.1.2\apiguardian-api-1.1.2.jar;C:\Users\andrey\.m2\repository\org\junit\jupiter\junit-jupiter-params\5.10.2\junit-jupiter-params-5.10.2.jar;C:\Users\andrey\.m2\repository\org\junit\jupiter\junit-jupiter-engine\5.10.2\junit-jupiter-engine-5.10.2.jar;C:\Users\andrey\.m2\repository\org\junit\platform\junit-platform-engine\1.10.2\junit-platform-engine-1.10.2.jar;C:\Users\andrey\.m2\repository\junit\junit\4.13.1\junit-4.13.1.jar;C:\Users\andrey\.m2\repository\org\hamcrest\hamcrest-core\1.3\hamcrest-core-1.3.jar;"/>
    <property name="sun.cpu.endian" value="little"/>
    <property name="user.home" value="C:\Users\andrey"/>
    <property name="user.language" value="ru"/>
    <property name="java.specification.vendor" value="Oracle Corporation"/>
    <property name="java.version.date" value="2022-10-18"/>
    <property name="java.home" value="C:\Users\andrey\.jdks\corretto-17.0.5"/>
    <property name="file.separator" value="\"/>
    <property name="basedir" value="C:\Users\andrey\main\Java projects\ObjWriter"/>
    <property name="java.vm.compressedOopsMode" value="Zero based"/>
    <property name="line.separator" value="&#10;"/>
    <property name="java.vm.specification.vendor" value="Oracle Corporation"/>
    <property name="java.specification.name" value="Java Platform API Specification"/>
    <property name="surefire.real.class.path" value="C:\Users\andrey\AppData\Local\Temp\surefire5986747290494854878\surefirebooter-20241025014357021_3.jar"/>
    <property name="user.script" value=""/>
    <property name="sun.management.compiler" value="HotSpot 64-Bit Tiered Compilers"/>
    <property name="java.runtime.version" value="17.0.5+8-LTS"/>
    <property name="user.name" value="andrey"/>
    <property name="path.separator" value=";"/>
    <property name="os.version" value="10.0"/>
    <property name="java.runtime.name" value="OpenJDK Runtime Environment"/>
    <property name="file.encoding" value="Cp1251"/>
    <property name="java.vm.name" value="OpenJDK 64-Bit Server VM"/>
    <property name="java.vendor.version" value="Corretto-17.0.5.8.1"/>
    <property name="localRepository" value="C:\Users\andrey\.m2\repository"/>
    <property name="java.vendor.url.bug" value="https://github.com/corretto/corretto-17/issues/"/>
    <property name="java.io.tmpdir" value="C:\Users\andrey\AppData\Local\Temp\"/>
    <property name="idea.version" value="2024.2.1"/>
    <property name="java.version" value="17.0.5"/>
    <property name="user.dir" value="C:\Users\andrey\main\Java projects\ObjWriter"/>
    <property name="os.arch" value="amd64"/>
    <property name="java.vm.specification.name" value="Java Virtual Machine Specification"/>
    <property name="sun.os.patch.level" value=""/>
    <property name="native.encoding" value="Cp1251"/>
    <property name="java.library.path" value="C:\Users\andrey\.jdks\corretto-17.0.5\bin;C:\Windows\Sun\Java\bin;C:\Windows\system32;C:\Windows;C:\JDK\bin;C:\Program Files\Common Files\Oracle\Java\javapath;C:\Windows\system32;C:\Windows;C:\Windows\System32\Wbem;C:\Windows\System32\WindowsPowerShell\v1.0\;C:\Windows\System32\OpenSSH\;C:\Program Files (x86)\dotnet;C:\Program Files\nodejs\;C:\Program Files\Git\cmd;C:\Users\andrey\AppData\Roaming\pypoetry\venv\Scripts;C:\Program Files (x86)\Windows Kits\8.0\Windows Performance Toolkit\;C:\Program Files\Microsoft SQL Server\110\Tools\Binn\;C:\Program Files\LLVM\bin;C:\Program Files\PostgreSQL\16\bin;C:\Program Files\Vagrant\bin;C:\Users\andrey\AppData\Local\Programs\Python\Python310\Scripts\;C:\Users\andrey\AppData\Local\Programs\Python\Python310\;C:\Users\andrey\AppData\Local\Microsoft\WindowsApps;C:\Users\andrey\AppData\Local\Programs\Microsoft VS Code\bin;C:\Users\andrey\.dotnet\tools;C:\Users\andrey\AppData\Roaming\npm;C:\Users\andrey\AppData\Local\JetBrains\Toolbox\scripts;C:\Users\andrey\.dotnet\tools;C:\Users\andrey\AppData\Roaming\pypoetry\venv\Scripts\poetry;C:\Users\andrey\yandex-cloud\bin;C:\Program Files\heroku\bin;C:\flutter\bin;C:\AndroidSDK\build-tools;C:\AndroidSDK\platform-tools;C:\JDK\bin;C:\Users\andrey\Downloads\packer_1.6.0_windows_amd64;;."/>
    <property name="java.vm.info" value="mixed mode, sharing"/>
    <property name="java.vendor" value="Amazon.com Inc."/>
    <property name="java.vm.version" value="17.0.5+8-LTS"/>
    <property name="sun.io.unicode.encoding" value="UnicodeLittle"/>
    <property name="java.class.version" value="61.0"/>
  </properties>
  <testcase name="normalToStringTest(float, float, float)[1]" classname="ru.vsu.cs.cg24.g82.dementiev_a.obj_writer.ObjWriterTests" time="0.05"/>
  <testcase name="normalToStringTest(float, float, float)[2]" classname="ru.vsu.cs.cg24.g82.dementiev_a.obj_writer.ObjWriterTests" time="0.002"/>
  <testcase name="normalToStringTest(float, float, float)[3]" classname="ru.vsu.cs.cg24.g82.dementiev_a.obj_writer.ObjWriterTests" time="0.001"/>
  <testcase name="normalToStringTest(float, float, float)[4]" classname="ru.vsu.cs.cg24.g82.dementiev_a.obj_writer.ObjWriterTests" time="0.001"/>
  <testcase name="writeTest(String)[1]" classname="ru.vsu.cs.cg24.g82.dementiev_a.obj_writer.ObjWriterTests" time="0.008"/>
  <testcase name="writeTest(String)[2]" classname="ru.vsu.cs.cg24.g82.dementiev_a.obj_writer.ObjWriterTests" time="0.002"/>
  <testcase name="writeTest(String)[3]" classname="ru.vsu.cs.cg24.g82.dementiev_a.obj_writer.ObjWriterTests" time="0.002"/>
  <testcase name="writeTest(String)[4]" classname="ru.vsu.cs.cg24.g82.dementiev_a.obj_writer.ObjWriterTests" time="0.003"/>
  <testcase name="writeTest(String)[5]" classname="ru.vsu.cs.cg24.g82.dementiev_a.obj_writer.ObjWriterTests" time="0.004"/>
  <testcase name="writeTest(String)[6]" classname="ru.vsu.cs.cg24.g82.dementiev_a.obj_writer.ObjWriterTests" time="0.003"/>
  <testcase name="vertexToStringTest(float, float, float)[1]" classname="ru.vsu.cs.cg24.g82.dementiev_a.obj_writer.ObjWriterTests" time="0.001"/>
  <testcase name="vertexToStringTest(float, float, float)[2]" classname="ru.vsu.cs.cg24.g82.dementiev_a.obj_writer.ObjWriterTests" time="0.001"/>
  <testcase name="vertexToStringTest(float, float, float)[3]" classname="ru.vsu.cs.cg24.g82.dementiev_a.obj_writer.ObjWriterTests" time="0.001"/>
  <testcase name="vertexToStringTest(float, float, float)[4]" classname="ru.vsu.cs.cg24.g82.dementiev_a.obj_writer.ObjWriterTests" time="0.001"/>
  <testcase name="textureVertexToStringTest(float, float)[1]" classname="ru.vsu.cs.cg24.g82.dementiev_a.obj_writer.ObjWriterTests" time="0.004"/>
  <testcase name="textureVertexToStringTest(float, float)[2]" classname="ru.vsu.cs.cg24.g82.dementiev_a.obj_writer.ObjWriterTests" time="0.001"/>
  <testcase name="textureVertexToStringTest(float, float)[3]" classname="ru.vsu.cs.cg24.g82.dementiev_a.obj_writer.ObjWriterTests" time="0.001"/>
  <testcase name="textureVertexToStringTest(float, float)[4]" classname="ru.vsu.cs.cg24.g82.dementiev_a.obj_writer.ObjWriterTests" time="0.001"/>
</testsuite>